-------------------------------------------------------------------------------
Test set: testRunner.TestRunner
-------------------------------------------------------------------------------
Tests run: 7, Failures: 3, Errors: 0, Skipped: 0, Time elapsed: 54.60 s <<< FAILURE! -- in testRunner.TestRunner
Login Data Driven with Excel.Login Data Driven Excel #1 -- Time elapsed: 15.61 s <<< FAILURE!
java.lang.AssertionError
	at org.junit.Assert.fail(Assert.java:87)
	at org.junit.Assert.assertTrue(Assert.java:42)
	at org.junit.Assert.assertTrue(Assert.java:53)
	at stepDefinitions.LoginSteps.check_user_navigates_to_my_account_page_by_passing_email_and_password_with_excel_data(LoginSteps.java:97)
	at ✽.the user should be redirected to the MyAccount Page by passing email and password with excel row "1"(file:///C:/Users/sunny/eclipse-workspace/opencart_cucumber/./Features/LoginDDTExcel.feature:5)

Login Data Driven with Excel.Login Data Driven Excel #2 -- Time elapsed: 6.095 s <<< FAILURE!
java.lang.AssertionError
	at org.junit.Assert.fail(Assert.java:87)
	at org.junit.Assert.assertTrue(Assert.java:42)
	at org.junit.Assert.assertTrue(Assert.java:53)
	at stepDefinitions.LoginSteps.check_user_navigates_to_my_account_page_by_passing_email_and_password_with_excel_data(LoginSteps.java:106)
	at ✽.the user should be redirected to the MyAccount Page by passing email and password with excel row "2"(file:///C:/Users/sunny/eclipse-workspace/opencart_cucumber/./Features/LoginDDTExcel.feature:5)

Login Data Driven with Excel.Login Data Driven Excel #3 -- Time elapsed: 5.314 s <<< FAILURE!
java.lang.AssertionError
	at org.junit.Assert.fail(Assert.java:87)
	at org.junit.Assert.assertTrue(Assert.java:42)
	at org.junit.Assert.assertTrue(Assert.java:53)
	at stepDefinitions.LoginSteps.check_user_navigates_to_my_account_page_by_passing_email_and_password_with_excel_data(LoginSteps.java:106)
	at ✽.the user should be redirected to the MyAccount Page by passing email and password with excel row "3"(file:///C:/Users/sunny/eclipse-workspace/opencart_cucumber/./Features/LoginDDTExcel.feature:5)

